[handleMsg]:  {
  key: {
    remoteJid: '5214721552574@s.whatsapp.net',
    fromMe: false,
    id: '1EAB4B3197815D6423196AFC1E4954B2',
    participant: undefined
  },
  messageTimestamp: 1748206955,
  pushName: '拣 ワ',
  broadcast: false,
  message: Message {
    conversation: 'JAJAJAJA',
    messageContextInfo: MessageContextInfo {
      deviceListMetadata: [DeviceListMetadata],
      deviceListMetadataVersion: 2,
      messageSecret: [Uint8Array]
    }
  },
  body: 'JAJAJAJA',
  from: '5214721552574'
}
[QUEUE_SE_ENVIO]:  {
  ref: 'ans_cea3d36d-aa60-4015-912b-f23a482a2186',
  keyword: 'key_f851b245-f4a6-4a48-a119-a0021bb19c84',
  answer: '隆Hola!  Soy tu gu铆a de admisiones de la *Universidad Tecnol贸gica de Le贸n*.\n' +
    '\n' +
    '驴Tienes dudas sobre c贸mo inscribirte, qu茅 carrera elegir, o qu茅 fechas tener en cuenta?\n' +
    '\n' +
    'Escribime tu pregunta y te oriento paso a paso.',
  options: {
    media: null,
    buttons: [],
    capture: true,
    child: null,
    delay: 0,
    idle: null,
    ref: null,
    nested: [],
    keyword: {},
    callback: true
  },
  refSerialize: '419ce7c1750e809ea8c31da0e4c40c48'
}
[handleMsg]:  {
  key: {
    remoteJid: '5214721552574@s.whatsapp.net',
    fromMe: false,
    id: 'FD8CA00561E580DA9ED43EA59A77193F',
    participant: undefined
  },
  messageTimestamp: 1748206963,
  pushName: '拣 ワ',
  broadcast: false,
  message: Message {
    conversation: 'Hola',
    messageContextInfo: MessageContextInfo {
      deviceListMetadata: [DeviceListMetadata],
      deviceListMetadataVersion: 2,
      messageSecret: [Uint8Array]
    }
  },
  body: 'Hola',
  from: '5214721552574'
}
[handleMsg]:  {
  key: {
    remoteJid: '5214761811897@s.whatsapp.net',
    fromMe: false,
    id: '3A7A8ADEFF07BEC3011A',
    participant: undefined
  },
  messageTimestamp: 1748207038,
  pushName: 'Benyi',
  broadcast: false,
  message: Message {
    conversation: 'Porque?',
    messageContextInfo: MessageContextInfo {
      deviceListMetadata: [DeviceListMetadata],
      deviceListMetadataVersion: 2,
      messageSecret: [Uint8Array]
    }
  },
  body: 'Porque?',
  from: '5214761811897'
}
[QUEUE_SE_ENVIO]:  {
  ref: 'ans_cea3d36d-aa60-4015-912b-f23a482a2186',
  keyword: 'key_f851b245-f4a6-4a48-a119-a0021bb19c84',
  answer: '隆Hola!  Soy tu gu铆a de admisiones de la *Universidad Tecnol贸gica de Le贸n*.\n' +
    '\n' +
    '驴Tienes dudas sobre c贸mo inscribirte, qu茅 carrera elegir, o qu茅 fechas tener en cuenta?\n' +
    '\n' +
    'Escribime tu pregunta y te oriento paso a paso.',
  options: {
    media: null,
    buttons: [],
    capture: true,
    child: null,
    delay: 0,
    idle: null,
    ref: null,
    nested: [],
    keyword: {},
    callback: true
  },
  refSerialize: '419ce7c1750e809ea8c31da0e4c40c48'
}
[handleMsg]:  {
  key: {
    remoteJid: '5214761811897@s.whatsapp.net',
    fromMe: false,
    id: '3A9030792CA8C4C8BCD9',
    participant: undefined
  },
  messageTimestamp: 1748207072,
  pushName: 'Benyi',
  broadcast: false,
  message: Message {
    extendedTextMessage: ExtendedTextMessage {
      text: 'Ah si el flujo welcome',
      contextInfo: [ContextInfo]
    },
    messageContextInfo: MessageContextInfo {
      deviceListMetadata: [DeviceListMetadata],
      deviceListMetadataVersion: 2,
      messageSecret: [Uint8Array]
    }
  },
  status: 4,
  body: 'Ah si el flujo welcome',
  from: '5214761811897'
}
[handleMsg]:  {
  key: {
    remoteJid: '5214761811897@s.whatsapp.net',
    fromMe: false,
    id: '3A30F3188F8F7EF704E0',
    participant: undefined
  },
  messageTimestamp: 1748207087,
  pushName: 'Benyi',
  broadcast: false,
  message: Message {
    conversation: 'Que carreras hay?',
    messageContextInfo: MessageContextInfo {
      deviceListMetadata: [DeviceListMetadata],
      deviceListMetadataVersion: 2,
      messageSecret: [Uint8Array]
    }
  },
  body: 'Que carreras hay?',
  from: '5214761811897'
}
[QUEUE_SE_ENVIO]:  {
  ref: 'ans_12d7efaa-1cad-4fc3-9fa8-3dc951d01d1d',
  keyword: 'ans_5919801a-282b-4ef1-b165-791147c9611a',
  answer: '__call_action__',
  options: {
    media: null,
    buttons: [],
    capture: false,
    child: null,
    delay: 0,
    idle: null,
    ref: null,
    nested: [],
    keyword: {},
    callback: true
  },
  refSerialize: '82e84410b3d345da153d04fb56592305'
}
[handleMsg]:  {
  key: {
    remoteJid: '5214761811897@s.whatsapp.net',
    fromMe: false,
    id: '3A1B59A2BA2FE8DE106E',
    participant: undefined
  },
  messageTimestamp: 1748207090,
  pushName: 'Benyi',
  broadcast: false,
  message: Message {
    extendedTextMessage: ExtendedTextMessage {
      text: 'Con raz贸n',
      contextInfo: [ContextInfo]
    },
    messageContextInfo: MessageContextInfo {
      deviceListMetadata: [DeviceListMetadata],
      deviceListMetadataVersion: 2,
      messageSecret: [Uint8Array]
    }
  },
  body: 'Con raz贸n',
  from: '5214761811897'
}
[QUEUE_SE_ENVIO]:  {
  ref: 'ans_12d7efaa-1cad-4fc3-9fa8-3dc951d01d1d',
  keyword: 'ans_5919801a-282b-4ef1-b165-791147c9611a',
  answer: '__call_action__',
  options: {
    media: null,
    buttons: [],
    capture: false,
    child: null,
    delay: 0,
    idle: null,
    ref: null,
    nested: [],
    keyword: {},
    callback: true
  },
  refSerialize: '82e84410b3d345da153d04fb56592305'
}
[handleMsg]:  {
  key: {
    remoteJid: '5214761811897@s.whatsapp.net',
    fromMe: false,
    id: '3A10E12B56385A54CA86',
    participant: undefined
  },
  messageTimestamp: 1748207138,
  pushName: 'Benyi',
  broadcast: false,
  message: Message {
    extendedTextMessage: ExtendedTextMessage { text: 'Ojo', contextInfo: [ContextInfo] },
    messageContextInfo: MessageContextInfo {
      deviceListMetadata: [DeviceListMetadata],
      deviceListMetadataVersion: 2,
      messageSecret: [Uint8Array]
    }
  },
  body: 'Ojo',
  from: '5214761811897'
}
[QUEUE_SE_ENVIO]:  {
  ref: 'ans_12d7efaa-1cad-4fc3-9fa8-3dc951d01d1d',
  keyword: 'ans_5919801a-282b-4ef1-b165-791147c9611a',
  answer: '__call_action__',
  options: {
    media: null,
    buttons: [],
    capture: false,
    child: null,
    delay: 0,
    idle: null,
    ref: null,
    nested: [],
    keyword: {},
    callback: true
  },
  refSerialize: '82e84410b3d345da153d04fb56592305'
}
